2020-05-30 11:45:23.090 INFO  hhxy.dn.wph.WphApplication - Starting WphApplication on DESKTOP-J8QCU3D with PID 8248 (D:\JetBrains\workspace\VipShop\target\classes started by 邓宁宁 in D:\JetBrains\workspace\VipShop)
2020-05-30 11:45:23.101 INFO  hhxy.dn.wph.WphApplication - No active profile set, falling back to default profiles: default
2020-05-30 11:45:23.175 INFO  o.s.b.d.env.DevToolsPropertyDefaultsPostProcessor - Devtools property defaults active! Set 'spring.devtools.add-properties' to 'false' to disable
2020-05-30 11:45:23.176 INFO  o.s.b.d.env.DevToolsPropertyDefaultsPostProcessor - For additional web related logging consider setting the 'logging.level.web' property to 'DEBUG'
2020-05-30 11:45:24.435 INFO  o.s.d.r.config.RepositoryConfigurationDelegate - Multiple Spring Data modules found, entering strict repository configuration mode!
2020-05-30 11:45:24.439 INFO  o.s.d.r.config.RepositoryConfigurationDelegate - Bootstrapping Spring Data repositories in DEFAULT mode.
2020-05-30 11:45:24.487 INFO  o.s.d.r.config.RepositoryConfigurationDelegate - Finished Spring Data repository scanning in 27ms. Found 0 repository interfaces.
2020-05-30 11:45:24.989 INFO  o.s.c.s.PostProcessorRegistrationDelegate$BeanPostProcessorChecker - Bean 'org.springframework.transaction.annotation.ProxyTransactionManagementConfiguration' of type [org.springframework.transaction.annotation.ProxyTransactionManagementConfiguration$$EnhancerBySpringCGLIB$$ca16124a] is not eligible for getting processed by all BeanPostProcessors (for example: not eligible for auto-proxying)
2020-05-30 11:45:26.021 INFO  o.s.boot.web.embedded.tomcat.TomcatWebServer - Tomcat initialized with port(s): 8080 (http)
2020-05-30 11:45:26.056 INFO  org.apache.coyote.http11.Http11NioProtocol - Initializing ProtocolHandler ["http-nio-8080"]
2020-05-30 11:45:26.068 INFO  org.apache.catalina.core.StandardService - Starting service [Tomcat]
2020-05-30 11:45:26.069 INFO  org.apache.catalina.core.StandardEngine - Starting Servlet Engine: Apache Tomcat/9.0.12
2020-05-30 11:45:26.084 INFO  org.apache.catalina.core.AprLifecycleListener - The APR based Apache Tomcat Native library which allows optimal performance in production environments was not found on the java.library.path: [D:\Java\jdk1.8.0_121\bin;C:\Windows\Sun\Java\bin;C:\Windows\system32;C:\Windows;C:\ProgramData\Oracle\Java\javapath;D:\Python27\;D:\Python27\Scripts;C:\Windows\system32;C:\Windows;C:\Windows\System32\Wbem;C:\Windows\System32\WindowsPowerShell\v1.0\;C:\Windows\System32\OpenSSH\;C:\Program Files\Intel\WiFi\bin\;C:\Program Files\Common Files\Intel\WirelessCommon\;C:\Program Files (x86)\NVIDIA Corporation\PhysX\Common;C:\Program Files\NVIDIA Corporation\NVIDIA NvDLISR;D:\apache-maven-3.2.3\bin;D:\nodejs\;D:\Git\cmd;D:\Redis\;D:\MySQL\bin;C:\Users\邓宁宁\AppData\Local\Microsoft\WindowsApps;D:\JetBrains\IntelliJ IDEA 2019.2.3\bin;D:\nodejs\node_global;C:\Users\邓宁宁\AppData\Local\Microsoft\WindowsApps;D:\JetBrains\IntelliJ IDEA 2019.2.3\bin;;D:\nodejs\node_global;;.]
2020-05-30 11:45:26.314 INFO  o.a.c.c.ContainerBase.[Tomcat].[localhost].[/wph] - Initializing Spring embedded WebApplicationContext
2020-05-30 11:45:26.314 INFO  org.springframework.web.context.ContextLoader - Root WebApplicationContext: initialization completed in 3137 ms
2020-05-30 11:45:26.383 INFO  o.s.boot.web.servlet.ServletRegistrationBean - Servlet statViewServlet mapped to [/druid/*]
2020-05-30 11:45:26.384 INFO  o.s.boot.web.servlet.ServletRegistrationBean - Servlet dispatcherServlet mapped to [/]
2020-05-30 11:45:26.389 INFO  o.s.boot.web.servlet.FilterRegistrationBean - Mapping filter: 'characterEncodingFilter' to: [/*]
2020-05-30 11:45:26.389 INFO  o.s.boot.web.servlet.FilterRegistrationBean - Mapping filter: 'hiddenHttpMethodFilter' to: [/*]
2020-05-30 11:45:26.389 INFO  o.s.boot.web.servlet.FilterRegistrationBean - Mapping filter: 'formContentFilter' to: [/*]
2020-05-30 11:45:26.389 INFO  o.s.boot.web.servlet.FilterRegistrationBean - Mapping filter: 'requestContextFilter' to: [/*]
2020-05-30 11:45:26.389 INFO  o.s.boot.web.servlet.FilterRegistrationBean - Mapping filter: 'webStatFilter' to urls: [/*]
2020-05-30 11:45:26.482 INFO  c.a.d.s.b.a.DruidDataSourceAutoConfigure - Init DruidDataSource
2020-05-30 11:45:27.004 INFO  com.alibaba.druid.pool.DruidDataSource - {dataSource-1} inited
2020-05-30 11:45:27.849 INFO  o.s.scheduling.concurrent.ThreadPoolTaskExecutor - Initializing ExecutorService 'applicationTaskExecutor'
2020-05-30 11:45:28.479 INFO  o.s.b.d.autoconfigure.OptionalLiveReloadServer - LiveReload server is running on port 35729
2020-05-30 11:45:28.552 INFO  org.apache.coyote.http11.Http11NioProtocol - Starting ProtocolHandler ["http-nio-8080"]
2020-05-30 11:45:28.567 INFO  org.apache.tomcat.util.net.NioSelectorPool - Using a shared selector for servlet write/read
2020-05-30 11:45:28.597 INFO  o.s.boot.web.embedded.tomcat.TomcatWebServer - Tomcat started on port(s): 8080 (http) with context path '/wph'
2020-05-30 11:45:28.602 INFO  hhxy.dn.wph.WphApplication - Started WphApplication in 6.518 seconds (JVM running for 8.022)
2020-05-30 11:46:04.513 INFO  o.a.c.c.ContainerBase.[Tomcat].[localhost].[/wph] - Initializing Spring DispatcherServlet 'dispatcherServlet'
2020-05-30 11:46:04.514 INFO  org.springframework.web.servlet.DispatcherServlet - Initializing Servlet 'dispatcherServlet'
2020-05-30 11:46:04.531 INFO  org.springframework.web.servlet.DispatcherServlet - Completed initialization in 17 ms
2020-05-30 11:46:05.106 INFO  io.lettuce.core.EpollProvider - Starting without optional epoll library
2020-05-30 11:46:05.108 INFO  io.lettuce.core.KqueueProvider - Starting without optional kqueue library
2020-05-30 11:47:33.930 INFO  hhxy.dn.wph.acpect.HttpAspect - url = http://localhost:8080/wph/user/login
2020-05-30 11:47:33.930 INFO  hhxy.dn.wph.acpect.HttpAspect - action = POST
2020-05-30 11:47:33.931 INFO  hhxy.dn.wph.acpect.HttpAspect - ip = 127.0.0.1
2020-05-30 11:47:33.933 INFO  hhxy.dn.wph.acpect.HttpAspect - method = hhxy.dn.wph.controller.UserController.userLogin
2020-05-30 11:47:33.934 INFO  hhxy.dn.wph.acpect.HttpAspect - params = User{id=null, userNo='null', nickname='null', telephone='17796645107', password='a123456', telephoneCode='null', name='null', sex='null', birthday='null', email='null', vip='null', headImage='null', status=null, created='null'}
2020-05-30 11:47:33.952 INFO  hhxy.dn.wph.acpect.HttpAspect - userLogin结束
2020-05-30 11:47:33.952 INFO  hhxy.dn.wph.acpect.HttpAspect - response = hhxy.dn.wph.entity.Result@6fc9e824
2020-05-30 11:47:34.098 INFO  hhxy.dn.wph.acpect.HttpAspect - url = http://localhost:8080/wph/user/findAllSearchHistory/26
2020-05-30 11:47:34.098 INFO  hhxy.dn.wph.acpect.HttpAspect - action = GET
2020-05-30 11:47:34.099 INFO  hhxy.dn.wph.acpect.HttpAspect - ip = 127.0.0.1
2020-05-30 11:47:34.099 INFO  hhxy.dn.wph.acpect.HttpAspect - method = hhxy.dn.wph.controller.UserController.findSearchHistory
2020-05-30 11:47:34.099 INFO  hhxy.dn.wph.acpect.HttpAspect - params = 26
2020-05-30 11:47:34.112 INFO  hhxy.dn.wph.acpect.HttpAspect - findSearchHistory结束
2020-05-30 11:48:01.382 INFO  hhxy.dn.wph.acpect.HttpAspect - url = http://localhost:8080/wph/user/findAllUserAddress/26
2020-05-30 11:48:01.383 INFO  hhxy.dn.wph.acpect.HttpAspect - action = GET
2020-05-30 11:48:01.383 INFO  hhxy.dn.wph.acpect.HttpAspect - ip = 127.0.0.1
2020-05-30 11:48:01.383 INFO  hhxy.dn.wph.acpect.HttpAspect - method = hhxy.dn.wph.controller.UserController.findAllUserAddress
2020-05-30 11:48:01.383 INFO  hhxy.dn.wph.acpect.HttpAspect - params = 26
2020-05-30 11:48:01.407 INFO  hhxy.dn.wph.acpect.HttpAspect - findAllUserAddress结束
2020-05-30 11:48:01.407 INFO  hhxy.dn.wph.acpect.HttpAspect - response = hhxy.dn.wph.entity.Result@a006908
