2020-05-29 22:59:19.226 INFO  hhxy.dn.wph.WphApplication - Starting WphApplication on DESKTOP-J8QCU3D with PID 5904 (D:\JetBrains\workspace\VipShop\target\classes started by 邓宁宁 in D:\JetBrains\workspace\VipShop)
2020-05-29 22:59:19.250 INFO  hhxy.dn.wph.WphApplication - No active profile set, falling back to default profiles: default
2020-05-29 22:59:19.381 INFO  o.s.b.d.env.DevToolsPropertyDefaultsPostProcessor - Devtools property defaults active! Set 'spring.devtools.add-properties' to 'false' to disable
2020-05-29 22:59:19.382 INFO  o.s.b.d.env.DevToolsPropertyDefaultsPostProcessor - For additional web related logging consider setting the 'logging.level.web' property to 'DEBUG'
2020-05-29 22:59:20.097 INFO  o.s.d.r.config.RepositoryConfigurationDelegate - Multiple Spring Data modules found, entering strict repository configuration mode!
2020-05-29 22:59:20.099 INFO  o.s.d.r.config.RepositoryConfigurationDelegate - Bootstrapping Spring Data repositories in DEFAULT mode.
2020-05-29 22:59:20.129 INFO  o.s.d.r.config.RepositoryConfigurationDelegate - Finished Spring Data repository scanning in 18ms. Found 0 repository interfaces.
2020-05-29 22:59:20.397 INFO  o.s.c.s.PostProcessorRegistrationDelegate$BeanPostProcessorChecker - Bean 'org.springframework.transaction.annotation.ProxyTransactionManagementConfiguration' of type [org.springframework.transaction.annotation.ProxyTransactionManagementConfiguration$$EnhancerBySpringCGLIB$$f45a3947] is not eligible for getting processed by all BeanPostProcessors (for example: not eligible for auto-proxying)
2020-05-29 22:59:20.801 INFO  o.s.boot.web.embedded.tomcat.TomcatWebServer - Tomcat initialized with port(s): 8080 (http)
2020-05-29 22:59:20.812 INFO  org.apache.coyote.http11.Http11NioProtocol - Initializing ProtocolHandler ["http-nio-8080"]
2020-05-29 22:59:20.817 INFO  org.apache.catalina.core.StandardService - Starting service [Tomcat]
2020-05-29 22:59:20.817 INFO  org.apache.catalina.core.StandardEngine - Starting Servlet Engine: Apache Tomcat/9.0.12
2020-05-29 22:59:20.822 INFO  org.apache.catalina.core.AprLifecycleListener - The APR based Apache Tomcat Native library which allows optimal performance in production environments was not found on the java.library.path: [D:\Java\jdk1.8.0_121\bin;C:\Windows\Sun\Java\bin;C:\Windows\system32;C:\Windows;C:\ProgramData\Oracle\Java\javapath;D:\Python27\;D:\Python27\Scripts;C:\Windows\system32;C:\Windows;C:\Windows\System32\Wbem;C:\Windows\System32\WindowsPowerShell\v1.0\;C:\Windows\System32\OpenSSH\;C:\Program Files\Intel\WiFi\bin\;C:\Program Files\Common Files\Intel\WirelessCommon\;C:\Program Files (x86)\NVIDIA Corporation\PhysX\Common;C:\Program Files\NVIDIA Corporation\NVIDIA NvDLISR;D:\apache-maven-3.2.3\bin;D:\nodejs\;D:\Git\cmd;D:\Redis\;D:\MySQL\bin;C:\Users\邓宁宁\AppData\Local\Microsoft\WindowsApps;D:\JetBrains\IntelliJ IDEA 2019.2.3\bin;D:\nodejs\node_global;C:\Users\邓宁宁\AppData\Local\Microsoft\WindowsApps;D:\JetBrains\IntelliJ IDEA 2019.2.3\bin;;D:\nodejs\node_global;;.]
2020-05-29 22:59:20.888 INFO  o.a.c.c.ContainerBase.[Tomcat].[localhost].[/wph] - Initializing Spring embedded WebApplicationContext
2020-05-29 22:59:20.888 INFO  org.springframework.web.context.ContextLoader - Root WebApplicationContext: initialization completed in 1506 ms
2020-05-29 22:59:20.923 INFO  o.s.boot.web.servlet.ServletRegistrationBean - Servlet statViewServlet mapped to [/druid/*]
2020-05-29 22:59:20.924 INFO  o.s.boot.web.servlet.ServletRegistrationBean - Servlet dispatcherServlet mapped to [/]
2020-05-29 22:59:20.926 INFO  o.s.boot.web.servlet.FilterRegistrationBean - Mapping filter: 'characterEncodingFilter' to: [/*]
2020-05-29 22:59:20.926 INFO  o.s.boot.web.servlet.FilterRegistrationBean - Mapping filter: 'hiddenHttpMethodFilter' to: [/*]
2020-05-29 22:59:20.926 INFO  o.s.boot.web.servlet.FilterRegistrationBean - Mapping filter: 'formContentFilter' to: [/*]
2020-05-29 22:59:20.926 INFO  o.s.boot.web.servlet.FilterRegistrationBean - Mapping filter: 'requestContextFilter' to: [/*]
2020-05-29 22:59:20.926 INFO  o.s.boot.web.servlet.FilterRegistrationBean - Mapping filter: 'webStatFilter' to urls: [/*]
2020-05-29 22:59:20.968 INFO  c.a.d.s.b.a.DruidDataSourceAutoConfigure - Init DruidDataSource
2020-05-29 22:59:25.179 INFO  com.alibaba.druid.pool.DruidDataSource - {dataSource-1} inited
2020-05-29 22:59:25.185 INFO  org.apache.catalina.core.StandardService - Stopping service [Tomcat]
2020-05-29 22:59:25.195 INFO  o.s.b.a.l.ConditionEvaluationReportLoggingListener - 

Error starting ApplicationContext. To display the conditions report re-run your application with 'debug' enabled.
2020-05-29 23:00:07.059 INFO  hhxy.dn.wph.WphApplication - Starting WphApplication on DESKTOP-J8QCU3D with PID 13328 (D:\JetBrains\workspace\VipShop\target\classes started by 邓宁宁 in D:\JetBrains\workspace\VipShop)
2020-05-29 23:00:07.062 INFO  hhxy.dn.wph.WphApplication - No active profile set, falling back to default profiles: default
2020-05-29 23:00:07.191 INFO  o.s.b.d.env.DevToolsPropertyDefaultsPostProcessor - Devtools property defaults active! Set 'spring.devtools.add-properties' to 'false' to disable
2020-05-29 23:00:07.191 INFO  o.s.b.d.env.DevToolsPropertyDefaultsPostProcessor - For additional web related logging consider setting the 'logging.level.web' property to 'DEBUG'
2020-05-29 23:00:07.886 INFO  o.s.d.r.config.RepositoryConfigurationDelegate - Multiple Spring Data modules found, entering strict repository configuration mode!
2020-05-29 23:00:07.888 INFO  o.s.d.r.config.RepositoryConfigurationDelegate - Bootstrapping Spring Data repositories in DEFAULT mode.
2020-05-29 23:00:07.925 INFO  o.s.d.r.config.RepositoryConfigurationDelegate - Finished Spring Data repository scanning in 25ms. Found 0 repository interfaces.
2020-05-29 23:00:08.270 INFO  o.s.c.s.PostProcessorRegistrationDelegate$BeanPostProcessorChecker - Bean 'org.springframework.transaction.annotation.ProxyTransactionManagementConfiguration' of type [org.springframework.transaction.annotation.ProxyTransactionManagementConfiguration$$EnhancerBySpringCGLIB$$bbcdf80d] is not eligible for getting processed by all BeanPostProcessors (for example: not eligible for auto-proxying)
2020-05-29 23:00:08.679 INFO  o.s.boot.web.embedded.tomcat.TomcatWebServer - Tomcat initialized with port(s): 8080 (http)
2020-05-29 23:00:08.690 INFO  org.apache.coyote.http11.Http11NioProtocol - Initializing ProtocolHandler ["http-nio-8080"]
2020-05-29 23:00:08.694 INFO  org.apache.catalina.core.StandardService - Starting service [Tomcat]
2020-05-29 23:00:08.694 INFO  org.apache.catalina.core.StandardEngine - Starting Servlet Engine: Apache Tomcat/9.0.12
2020-05-29 23:00:08.699 INFO  org.apache.catalina.core.AprLifecycleListener - The APR based Apache Tomcat Native library which allows optimal performance in production environments was not found on the java.library.path: [D:\Java\jdk1.8.0_121\bin;C:\Windows\Sun\Java\bin;C:\Windows\system32;C:\Windows;C:\ProgramData\Oracle\Java\javapath;D:\Python27\;D:\Python27\Scripts;C:\Windows\system32;C:\Windows;C:\Windows\System32\Wbem;C:\Windows\System32\WindowsPowerShell\v1.0\;C:\Windows\System32\OpenSSH\;C:\Program Files\Intel\WiFi\bin\;C:\Program Files\Common Files\Intel\WirelessCommon\;C:\Program Files (x86)\NVIDIA Corporation\PhysX\Common;C:\Program Files\NVIDIA Corporation\NVIDIA NvDLISR;D:\apache-maven-3.2.3\bin;D:\nodejs\;D:\Git\cmd;D:\Redis\;D:\MySQL\bin;C:\Users\邓宁宁\AppData\Local\Microsoft\WindowsApps;D:\JetBrains\IntelliJ IDEA 2019.2.3\bin;D:\nodejs\node_global;C:\Users\邓宁宁\AppData\Local\Microsoft\WindowsApps;D:\JetBrains\IntelliJ IDEA 2019.2.3\bin;;D:\nodejs\node_global;;.]
2020-05-29 23:00:08.768 INFO  o.a.c.c.ContainerBase.[Tomcat].[localhost].[/wph] - Initializing Spring embedded WebApplicationContext
2020-05-29 23:00:08.769 INFO  org.springframework.web.context.ContextLoader - Root WebApplicationContext: initialization completed in 1576 ms
2020-05-29 23:00:08.799 INFO  o.s.boot.web.servlet.ServletRegistrationBean - Servlet statViewServlet mapped to [/druid/*]
2020-05-29 23:00:08.800 INFO  o.s.boot.web.servlet.ServletRegistrationBean - Servlet dispatcherServlet mapped to [/]
2020-05-29 23:00:08.802 INFO  o.s.boot.web.servlet.FilterRegistrationBean - Mapping filter: 'characterEncodingFilter' to: [/*]
2020-05-29 23:00:08.802 INFO  o.s.boot.web.servlet.FilterRegistrationBean - Mapping filter: 'hiddenHttpMethodFilter' to: [/*]
2020-05-29 23:00:08.802 INFO  o.s.boot.web.servlet.FilterRegistrationBean - Mapping filter: 'formContentFilter' to: [/*]
2020-05-29 23:00:08.803 INFO  o.s.boot.web.servlet.FilterRegistrationBean - Mapping filter: 'requestContextFilter' to: [/*]
2020-05-29 23:00:08.803 INFO  o.s.boot.web.servlet.FilterRegistrationBean - Mapping filter: 'webStatFilter' to urls: [/*]
2020-05-29 23:00:08.840 INFO  c.a.d.s.b.a.DruidDataSourceAutoConfigure - Init DruidDataSource
2020-05-29 23:00:09.105 INFO  com.alibaba.druid.pool.DruidDataSource - {dataSource-1} inited
2020-05-29 23:00:09.605 INFO  o.s.scheduling.concurrent.ThreadPoolTaskExecutor - Initializing ExecutorService 'applicationTaskExecutor'
2020-05-29 23:00:09.915 INFO  o.s.b.d.autoconfigure.OptionalLiveReloadServer - LiveReload server is running on port 35729
2020-05-29 23:00:09.941 INFO  org.apache.coyote.http11.Http11NioProtocol - Starting ProtocolHandler ["http-nio-8080"]
2020-05-29 23:00:09.948 INFO  org.apache.tomcat.util.net.NioSelectorPool - Using a shared selector for servlet write/read
2020-05-29 23:00:09.959 INFO  o.s.boot.web.embedded.tomcat.TomcatWebServer - Tomcat started on port(s): 8080 (http) with context path '/wph'
2020-05-29 23:00:09.961 INFO  hhxy.dn.wph.WphApplication - Started WphApplication in 3.395 seconds (JVM running for 4.198)
2020-05-29 23:01:19.301 INFO  o.a.c.c.ContainerBase.[Tomcat].[localhost].[/wph] - Initializing Spring DispatcherServlet 'dispatcherServlet'
2020-05-29 23:01:19.301 INFO  org.springframework.web.servlet.DispatcherServlet - Initializing Servlet 'dispatcherServlet'
2020-05-29 23:01:19.311 INFO  org.springframework.web.servlet.DispatcherServlet - Completed initialization in 10 ms
2020-05-29 23:01:19.808 INFO  io.lettuce.core.EpollProvider - Starting without optional epoll library
2020-05-29 23:01:19.810 INFO  io.lettuce.core.KqueueProvider - Starting without optional kqueue library
2020-05-29 23:07:06.872 INFO  hhxy.dn.wph.acpect.HttpAspect - url = http://localhost:8080/wph/user/login
2020-05-29 23:07:06.873 INFO  hhxy.dn.wph.acpect.HttpAspect - action = POST
2020-05-29 23:07:06.873 INFO  hhxy.dn.wph.acpect.HttpAspect - ip = 127.0.0.1
2020-05-29 23:07:06.874 INFO  hhxy.dn.wph.acpect.HttpAspect - method = hhxy.dn.wph.controller.UserController.userLogin
2020-05-29 23:07:06.874 INFO  hhxy.dn.wph.acpect.HttpAspect - params = User{id=null, userNo='null', nickname='null', telephone='17796645107', password='a123456', telephoneCode='null', name='null', sex='null', birthday='null', email='null', vip='null', headImage='null', status=null, created='null'}
2020-05-29 23:07:06.883 INFO  hhxy.dn.wph.acpect.HttpAspect - userLogin结束
2020-05-29 23:07:06.883 INFO  hhxy.dn.wph.acpect.HttpAspect - response = hhxy.dn.wph.entity.Result@acaae84
2020-05-29 23:07:06.946 INFO  hhxy.dn.wph.acpect.HttpAspect - url = http://localhost:8080/wph/user/findAllSearchHistory/26
2020-05-29 23:07:06.946 INFO  hhxy.dn.wph.acpect.HttpAspect - action = GET
2020-05-29 23:07:06.946 INFO  hhxy.dn.wph.acpect.HttpAspect - ip = 127.0.0.1
2020-05-29 23:07:06.946 INFO  hhxy.dn.wph.acpect.HttpAspect - method = hhxy.dn.wph.controller.UserController.findSearchHistory
2020-05-29 23:07:06.946 INFO  hhxy.dn.wph.acpect.HttpAspect - params = 26
2020-05-29 23:07:06.954 INFO  hhxy.dn.wph.acpect.HttpAspect - findSearchHistory结束
2020-05-29 23:07:37.491 INFO  hhxy.dn.wph.acpect.HttpAspect - url = http://localhost:8080/wph/user/uploadUserHeadImage
2020-05-29 23:07:37.491 INFO  hhxy.dn.wph.acpect.HttpAspect - action = POST
2020-05-29 23:07:37.491 INFO  hhxy.dn.wph.acpect.HttpAspect - ip = 127.0.0.1
2020-05-29 23:07:37.491 INFO  hhxy.dn.wph.acpect.HttpAspect - method = hhxy.dn.wph.controller.UserController.uploadUserHeadImage
2020-05-29 23:07:37.491 INFO  hhxy.dn.wph.acpect.HttpAspect - params = org.springframework.web.multipart.support.StandardMultipartHttpServletRequest$StandardMultipartFile@51c45823
2020-05-29 23:07:37.506 INFO  hhxy.dn.wph.acpect.HttpAspect - uploadUserHeadImage结束
2020-05-29 23:07:37.506 INFO  hhxy.dn.wph.acpect.HttpAspect - response = hhxy.dn.wph.entity.Result@7ede36c5
2020-05-29 23:07:38.243 INFO  hhxy.dn.wph.acpect.HttpAspect - url = http://localhost:8080/wph/user/getUserById/26
2020-05-29 23:07:38.243 INFO  hhxy.dn.wph.acpect.HttpAspect - action = GET
2020-05-29 23:07:38.243 INFO  hhxy.dn.wph.acpect.HttpAspect - ip = 127.0.0.1
2020-05-29 23:07:38.243 INFO  hhxy.dn.wph.acpect.HttpAspect - method = hhxy.dn.wph.controller.UserController.getUserDetail
2020-05-29 23:07:38.243 INFO  hhxy.dn.wph.acpect.HttpAspect - params = 26
2020-05-29 23:07:38.245 INFO  hhxy.dn.wph.acpect.HttpAspect - getUserDetail结束
2020-05-29 23:07:38.245 INFO  hhxy.dn.wph.acpect.HttpAspect - response = hhxy.dn.wph.entity.Result@48e841b6
2020-05-29 23:07:47.349 INFO  hhxy.dn.wph.acpect.HttpAspect - url = http://localhost:8080/wph/user/findAllSearchHistory/26
2020-05-29 23:07:47.349 INFO  hhxy.dn.wph.acpect.HttpAspect - action = GET
2020-05-29 23:07:47.349 INFO  hhxy.dn.wph.acpect.HttpAspect - ip = 127.0.0.1
2020-05-29 23:07:47.349 INFO  hhxy.dn.wph.acpect.HttpAspect - method = hhxy.dn.wph.controller.UserController.findSearchHistory
2020-05-29 23:07:47.349 INFO  hhxy.dn.wph.acpect.HttpAspect - params = 26
2020-05-29 23:07:47.351 INFO  hhxy.dn.wph.acpect.HttpAspect - findSearchHistory结束
2020-05-29 23:08:04.322 INFO  hhxy.dn.wph.acpect.HttpAspect - url = http://localhost:8080/wph/user/findAllSearchHistory/26
2020-05-29 23:08:04.323 INFO  hhxy.dn.wph.acpect.HttpAspect - action = GET
2020-05-29 23:08:04.323 INFO  hhxy.dn.wph.acpect.HttpAspect - ip = 127.0.0.1
2020-05-29 23:08:04.323 INFO  hhxy.dn.wph.acpect.HttpAspect - method = hhxy.dn.wph.controller.UserController.findSearchHistory
2020-05-29 23:08:04.323 INFO  hhxy.dn.wph.acpect.HttpAspect - params = 26
2020-05-29 23:08:04.326 INFO  hhxy.dn.wph.acpect.HttpAspect - findSearchHistory结束
2020-05-29 23:08:07.185 INFO  hhxy.dn.wph.acpect.HttpAspect - url = http://localhost:8080/wph/user/findAllSearchHistory/26
2020-05-29 23:08:07.186 INFO  hhxy.dn.wph.acpect.HttpAspect - action = GET
2020-05-29 23:08:07.186 INFO  hhxy.dn.wph.acpect.HttpAspect - ip = 127.0.0.1
2020-05-29 23:08:07.186 INFO  hhxy.dn.wph.acpect.HttpAspect - method = hhxy.dn.wph.controller.UserController.findSearchHistory
2020-05-29 23:08:07.186 INFO  hhxy.dn.wph.acpect.HttpAspect - params = 26
2020-05-29 23:08:07.190 INFO  hhxy.dn.wph.acpect.HttpAspect - findSearchHistory结束
2020-05-29 23:08:34.740 INFO  hhxy.dn.wph.acpect.HttpAspect - url = http://localhost:8080/wph/user/findAllSearchHistory/26
2020-05-29 23:08:34.740 INFO  hhxy.dn.wph.acpect.HttpAspect - action = GET
2020-05-29 23:08:34.740 INFO  hhxy.dn.wph.acpect.HttpAspect - ip = 127.0.0.1
2020-05-29 23:08:34.740 INFO  hhxy.dn.wph.acpect.HttpAspect - method = hhxy.dn.wph.controller.UserController.findSearchHistory
2020-05-29 23:08:34.740 INFO  hhxy.dn.wph.acpect.HttpAspect - params = 26
2020-05-29 23:08:34.742 INFO  hhxy.dn.wph.acpect.HttpAspect - findSearchHistory结束
2020-05-29 23:08:37.021 INFO  hhxy.dn.wph.acpect.HttpAspect - url = http://localhost:8080/wph/user/findAllSearchHistory/26
2020-05-29 23:08:37.021 INFO  hhxy.dn.wph.acpect.HttpAspect - action = GET
2020-05-29 23:08:37.021 INFO  hhxy.dn.wph.acpect.HttpAspect - ip = 127.0.0.1
2020-05-29 23:08:37.021 INFO  hhxy.dn.wph.acpect.HttpAspect - method = hhxy.dn.wph.controller.UserController.findSearchHistory
2020-05-29 23:08:37.021 INFO  hhxy.dn.wph.acpect.HttpAspect - params = 26
2020-05-29 23:08:37.023 INFO  hhxy.dn.wph.acpect.HttpAspect - findSearchHistory结束
2020-05-29 23:08:50.550 INFO  hhxy.dn.wph.acpect.HttpAspect - url = http://localhost:8080/wph/user/findAllUserAddress/26
2020-05-29 23:08:50.550 INFO  hhxy.dn.wph.acpect.HttpAspect - action = GET
2020-05-29 23:08:50.550 INFO  hhxy.dn.wph.acpect.HttpAspect - ip = 127.0.0.1
2020-05-29 23:08:50.551 INFO  hhxy.dn.wph.acpect.HttpAspect - method = hhxy.dn.wph.controller.UserController.findAllUserAddress
2020-05-29 23:08:50.551 INFO  hhxy.dn.wph.acpect.HttpAspect - params = 26
2020-05-29 23:08:50.555 INFO  hhxy.dn.wph.acpect.HttpAspect - findAllUserAddress结束
2020-05-29 23:08:50.555 INFO  hhxy.dn.wph.acpect.HttpAspect - response = hhxy.dn.wph.entity.Result@310db3af
2020-05-29 23:08:58.946 INFO  hhxy.dn.wph.acpect.HttpAspect - url = http://localhost:8080/wph/user/findAllSearchHistory/26
2020-05-29 23:08:58.946 INFO  hhxy.dn.wph.acpect.HttpAspect - action = GET
2020-05-29 23:08:58.946 INFO  hhxy.dn.wph.acpect.HttpAspect - ip = 127.0.0.1
2020-05-29 23:08:58.946 INFO  hhxy.dn.wph.acpect.HttpAspect - method = hhxy.dn.wph.controller.UserController.findSearchHistory
2020-05-29 23:08:58.946 INFO  hhxy.dn.wph.acpect.HttpAspect - params = 26
2020-05-29 23:08:58.950 INFO  hhxy.dn.wph.acpect.HttpAspect - findSearchHistory结束
2020-05-29 23:09:15.705 INFO  hhxy.dn.wph.acpect.HttpAspect - url = http://localhost:8080/wph/user/saveUserAddress
2020-05-29 23:09:15.705 INFO  hhxy.dn.wph.acpect.HttpAspect - action = POST
2020-05-29 23:09:15.705 INFO  hhxy.dn.wph.acpect.HttpAspect - ip = 127.0.0.1
2020-05-29 23:09:15.705 INFO  hhxy.dn.wph.acpect.HttpAspect - method = hhxy.dn.wph.controller.UserController.saveUserAddress
2020-05-29 23:09:15.705 INFO  hhxy.dn.wph.acpect.HttpAspect - params = UserAddress{id=null, userId=26, name='啊啊', province='123', city='456', town='789', area='123456789', postcode='null', telephone='133333333333', isDefault=null, status=null, created=null}
2020-05-29 23:09:15.716 INFO  hhxy.dn.wph.acpect.HttpAspect - saveUserAddress结束
2020-05-29 23:09:15.716 INFO  hhxy.dn.wph.acpect.HttpAspect - response = hhxy.dn.wph.entity.Result@506d98bd
2020-05-29 23:09:16.709 INFO  hhxy.dn.wph.acpect.HttpAspect - url = http://localhost:8080/wph/user/findAllUserAddress/26
2020-05-29 23:09:16.709 INFO  hhxy.dn.wph.acpect.HttpAspect - action = GET
2020-05-29 23:09:16.709 INFO  hhxy.dn.wph.acpect.HttpAspect - ip = 127.0.0.1
2020-05-29 23:09:16.709 INFO  hhxy.dn.wph.acpect.HttpAspect - method = hhxy.dn.wph.controller.UserController.findAllUserAddress
2020-05-29 23:09:16.709 INFO  hhxy.dn.wph.acpect.HttpAspect - params = 26
2020-05-29 23:09:16.716 INFO  hhxy.dn.wph.acpect.HttpAspect - findAllUserAddress结束
2020-05-29 23:09:16.716 INFO  hhxy.dn.wph.acpect.HttpAspect - response = hhxy.dn.wph.entity.Result@26375aaa
2020-05-29 23:09:22.217 INFO  hhxy.dn.wph.acpect.HttpAspect - url = http://localhost:8080/wph/user/findAllSearchHistory/26
2020-05-29 23:09:22.217 INFO  hhxy.dn.wph.acpect.HttpAspect - action = GET
2020-05-29 23:09:22.218 INFO  hhxy.dn.wph.acpect.HttpAspect - ip = 127.0.0.1
2020-05-29 23:09:22.218 INFO  hhxy.dn.wph.acpect.HttpAspect - method = hhxy.dn.wph.controller.UserController.findSearchHistory
2020-05-29 23:09:22.218 INFO  hhxy.dn.wph.acpect.HttpAspect - params = 26
2020-05-29 23:09:22.219 INFO  hhxy.dn.wph.acpect.HttpAspect - findSearchHistory结束
2020-05-29 23:09:34.526 INFO  hhxy.dn.wph.acpect.HttpAspect - url = http://localhost:8080/wph/user/findAllUserAddress/26
2020-05-29 23:09:34.527 INFO  hhxy.dn.wph.acpect.HttpAspect - action = GET
2020-05-29 23:09:34.527 INFO  hhxy.dn.wph.acpect.HttpAspect - ip = 127.0.0.1
2020-05-29 23:09:34.527 INFO  hhxy.dn.wph.acpect.HttpAspect - method = hhxy.dn.wph.controller.UserController.findAllUserAddress
2020-05-29 23:09:34.527 INFO  hhxy.dn.wph.acpect.HttpAspect - params = 26
2020-05-29 23:09:34.528 INFO  hhxy.dn.wph.acpect.HttpAspect - findAllUserAddress结束
2020-05-29 23:09:34.529 INFO  hhxy.dn.wph.acpect.HttpAspect - response = hhxy.dn.wph.entity.Result@7663c4ee
2020-05-29 23:12:01.083 INFO  hhxy.dn.wph.WphApplication - Starting WphApplication on DESKTOP-J8QCU3D with PID 15736 (D:\JetBrains\workspace\VipShop\target\classes started by 邓宁宁 in D:\JetBrains\workspace\VipShop)
2020-05-29 23:12:01.086 INFO  hhxy.dn.wph.WphApplication - No active profile set, falling back to default profiles: default
2020-05-29 23:12:01.143 INFO  o.s.b.d.env.DevToolsPropertyDefaultsPostProcessor - Devtools property defaults active! Set 'spring.devtools.add-properties' to 'false' to disable
2020-05-29 23:12:01.143 INFO  o.s.b.d.env.DevToolsPropertyDefaultsPostProcessor - For additional web related logging consider setting the 'logging.level.web' property to 'DEBUG'
2020-05-29 23:12:01.918 INFO  o.s.d.r.config.RepositoryConfigurationDelegate - Multiple Spring Data modules found, entering strict repository configuration mode!
2020-05-29 23:12:01.920 INFO  o.s.d.r.config.RepositoryConfigurationDelegate - Bootstrapping Spring Data repositories in DEFAULT mode.
2020-05-29 23:12:01.952 INFO  o.s.d.r.config.RepositoryConfigurationDelegate - Finished Spring Data repository scanning in 20ms. Found 0 repository interfaces.
2020-05-29 23:12:02.342 INFO  o.s.c.s.PostProcessorRegistrationDelegate$BeanPostProcessorChecker - Bean 'org.springframework.transaction.annotation.ProxyTransactionManagementConfiguration' of type [org.springframework.transaction.annotation.ProxyTransactionManagementConfiguration$$EnhancerBySpringCGLIB$$c143a8a8] is not eligible for getting processed by all BeanPostProcessors (for example: not eligible for auto-proxying)
2020-05-29 23:12:02.966 INFO  o.s.boot.web.embedded.tomcat.TomcatWebServer - Tomcat initialized with port(s): 8080 (http)
2020-05-29 23:12:02.978 INFO  org.apache.coyote.http11.Http11NioProtocol - Initializing ProtocolHandler ["http-nio-8080"]
2020-05-29 23:12:02.982 INFO  org.apache.catalina.core.StandardService - Starting service [Tomcat]
2020-05-29 23:12:02.983 INFO  org.apache.catalina.core.StandardEngine - Starting Servlet Engine: Apache Tomcat/9.0.12
2020-05-29 23:12:02.989 INFO  org.apache.catalina.core.AprLifecycleListener - The APR based Apache Tomcat Native library which allows optimal performance in production environments was not found on the java.library.path: [D:\Java\jdk1.8.0_121\bin;C:\Windows\Sun\Java\bin;C:\Windows\system32;C:\Windows;C:\ProgramData\Oracle\Java\javapath;D:\Python27\;D:\Python27\Scripts;C:\Windows\system32;C:\Windows;C:\Windows\System32\Wbem;C:\Windows\System32\WindowsPowerShell\v1.0\;C:\Windows\System32\OpenSSH\;C:\Program Files\Intel\WiFi\bin\;C:\Program Files\Common Files\Intel\WirelessCommon\;C:\Program Files (x86)\NVIDIA Corporation\PhysX\Common;C:\Program Files\NVIDIA Corporation\NVIDIA NvDLISR;D:\apache-maven-3.2.3\bin;D:\nodejs\;D:\Git\cmd;D:\Redis\;D:\MySQL\bin;C:\Users\邓宁宁\AppData\Local\Microsoft\WindowsApps;D:\JetBrains\IntelliJ IDEA 2019.2.3\bin;D:\nodejs\node_global;C:\Users\邓宁宁\AppData\Local\Microsoft\WindowsApps;D:\JetBrains\IntelliJ IDEA 2019.2.3\bin;;D:\nodejs\node_global;;.]
2020-05-29 23:12:03.064 INFO  o.a.c.c.ContainerBase.[Tomcat].[localhost].[/wph] - Initializing Spring embedded WebApplicationContext
2020-05-29 23:12:03.064 INFO  org.springframework.web.context.ContextLoader - Root WebApplicationContext: initialization completed in 1921 ms
2020-05-29 23:12:03.111 INFO  o.s.boot.web.servlet.ServletRegistrationBean - Servlet statViewServlet mapped to [/druid/*]
2020-05-29 23:12:03.112 INFO  o.s.boot.web.servlet.ServletRegistrationBean - Servlet dispatcherServlet mapped to [/]
2020-05-29 23:12:03.116 INFO  o.s.boot.web.servlet.FilterRegistrationBean - Mapping filter: 'characterEncodingFilter' to: [/*]
2020-05-29 23:12:03.116 INFO  o.s.boot.web.servlet.FilterRegistrationBean - Mapping filter: 'hiddenHttpMethodFilter' to: [/*]
2020-05-29 23:12:03.116 INFO  o.s.boot.web.servlet.FilterRegistrationBean - Mapping filter: 'formContentFilter' to: [/*]
2020-05-29 23:12:03.116 INFO  o.s.boot.web.servlet.FilterRegistrationBean - Mapping filter: 'requestContextFilter' to: [/*]
2020-05-29 23:12:03.116 INFO  o.s.boot.web.servlet.FilterRegistrationBean - Mapping filter: 'webStatFilter' to urls: [/*]
2020-05-29 23:12:03.164 INFO  c.a.d.s.b.a.DruidDataSourceAutoConfigure - Init DruidDataSource
2020-05-29 23:12:03.424 INFO  com.alibaba.druid.pool.DruidDataSource - {dataSource-1} inited
2020-05-29 23:12:03.940 INFO  o.s.scheduling.concurrent.ThreadPoolTaskExecutor - Initializing ExecutorService 'applicationTaskExecutor'
2020-05-29 23:12:04.302 INFO  o.s.b.d.autoconfigure.OptionalLiveReloadServer - LiveReload server is running on port 35729
2020-05-29 23:12:04.333 INFO  org.apache.coyote.http11.Http11NioProtocol - Starting ProtocolHandler ["http-nio-8080"]
2020-05-29 23:12:04.340 INFO  org.apache.tomcat.util.net.NioSelectorPool - Using a shared selector for servlet write/read
2020-05-29 23:12:04.356 INFO  o.s.boot.web.embedded.tomcat.TomcatWebServer - Tomcat started on port(s): 8080 (http) with context path '/wph'
2020-05-29 23:12:04.358 INFO  hhxy.dn.wph.WphApplication - Started WphApplication in 3.8 seconds (JVM running for 5.394)
2020-05-29 23:12:11.654 INFO  o.a.c.c.ContainerBase.[Tomcat].[localhost].[/wph] - Initializing Spring DispatcherServlet 'dispatcherServlet'
2020-05-29 23:12:11.654 INFO  org.springframework.web.servlet.DispatcherServlet - Initializing Servlet 'dispatcherServlet'
2020-05-29 23:12:11.668 INFO  org.springframework.web.servlet.DispatcherServlet - Completed initialization in 13 ms
2020-05-29 23:20:39.712 INFO  o.s.scheduling.concurrent.ThreadPoolTaskExecutor - Shutting down ExecutorService 'applicationTaskExecutor'
2020-05-29 23:20:39.729 INFO  com.alibaba.druid.pool.DruidDataSource - {dataSource-1} closing ...
2020-05-29 23:20:39.732 INFO  com.alibaba.druid.pool.DruidDataSource - {dataSource-1} closed
2020-05-29 23:20:40.271 INFO  hhxy.dn.wph.WphApplication - Starting WphApplication on DESKTOP-J8QCU3D with PID 15736 (D:\JetBrains\workspace\VipShop\target\classes started by 邓宁宁 in D:\JetBrains\workspace\VipShop)
2020-05-29 23:20:40.271 INFO  hhxy.dn.wph.WphApplication - No active profile set, falling back to default profiles: default
2020-05-29 23:20:40.574 INFO  o.s.d.r.config.RepositoryConfigurationDelegate - Multiple Spring Data modules found, entering strict repository configuration mode!
2020-05-29 23:20:40.574 INFO  o.s.d.r.config.RepositoryConfigurationDelegate - Bootstrapping Spring Data repositories in DEFAULT mode.
2020-05-29 23:20:40.584 INFO  o.s.d.r.config.RepositoryConfigurationDelegate - Finished Spring Data repository scanning in 10ms. Found 0 repository interfaces.
2020-05-29 23:20:40.641 INFO  o.s.c.s.PostProcessorRegistrationDelegate$BeanPostProcessorChecker - Bean 'org.springframework.transaction.annotation.ProxyTransactionManagementConfiguration' of type [org.springframework.transaction.annotation.ProxyTransactionManagementConfiguration$$EnhancerBySpringCGLIB$$c143a8a8] is not eligible for getting processed by all BeanPostProcessors (for example: not eligible for auto-proxying)
2020-05-29 23:20:40.711 INFO  o.s.boot.web.embedded.tomcat.TomcatWebServer - Tomcat initialized with port(s): 8080 (http)
2020-05-29 23:20:40.712 INFO  org.apache.coyote.http11.Http11NioProtocol - Initializing ProtocolHandler ["http-nio-8080"]
2020-05-29 23:20:40.712 INFO  org.apache.catalina.core.StandardService - Starting service [Tomcat]
2020-05-29 23:20:40.712 INFO  org.apache.catalina.core.StandardEngine - Starting Servlet Engine: Apache Tomcat/9.0.12
2020-05-29 23:20:40.727 INFO  o.a.c.c.ContainerBase.[Tomcat].[localhost].[/wph] - Initializing Spring embedded WebApplicationContext
2020-05-29 23:20:40.727 INFO  org.springframework.web.context.ContextLoader - Root WebApplicationContext: initialization completed in 453 ms
2020-05-29 23:20:40.746 INFO  o.s.boot.web.servlet.ServletRegistrationBean - Servlet statViewServlet mapped to [/druid/*]
2020-05-29 23:20:40.746 INFO  o.s.boot.web.servlet.ServletRegistrationBean - Servlet dispatcherServlet mapped to [/]
2020-05-29 23:20:40.746 INFO  o.s.boot.web.servlet.FilterRegistrationBean - Mapping filter: 'characterEncodingFilter' to: [/*]
2020-05-29 23:20:40.746 INFO  o.s.boot.web.servlet.FilterRegistrationBean - Mapping filter: 'hiddenHttpMethodFilter' to: [/*]
2020-05-29 23:20:40.746 INFO  o.s.boot.web.servlet.FilterRegistrationBean - Mapping filter: 'formContentFilter' to: [/*]
2020-05-29 23:20:40.746 INFO  o.s.boot.web.servlet.FilterRegistrationBean - Mapping filter: 'requestContextFilter' to: [/*]
2020-05-29 23:20:40.747 INFO  o.s.boot.web.servlet.FilterRegistrationBean - Mapping filter: 'webStatFilter' to urls: [/*]
2020-05-29 23:20:40.763 INFO  c.a.d.s.b.a.DruidDataSourceAutoConfigure - Init DruidDataSource
2020-05-29 23:20:40.804 INFO  com.alibaba.druid.pool.DruidDataSource - {dataSource-2} inited
2020-05-29 23:20:40.975 INFO  o.s.scheduling.concurrent.ThreadPoolTaskExecutor - Initializing ExecutorService 'applicationTaskExecutor'
2020-05-29 23:20:41.093 INFO  o.s.b.d.autoconfigure.OptionalLiveReloadServer - LiveReload server is running on port 35729
2020-05-29 23:20:41.114 INFO  org.apache.coyote.http11.Http11NioProtocol - Starting ProtocolHandler ["http-nio-8080"]
2020-05-29 23:20:41.115 INFO  org.apache.tomcat.util.net.NioSelectorPool - Using a shared selector for servlet write/read
2020-05-29 23:20:41.117 INFO  o.s.boot.web.embedded.tomcat.TomcatWebServer - Tomcat started on port(s): 8080 (http) with context path '/wph'
2020-05-29 23:20:41.118 INFO  hhxy.dn.wph.WphApplication - Started WphApplication in 0.893 seconds (JVM running for 522.154)
2020-05-29 23:20:41.119 INFO  o.s.b.d.a.ConditionEvaluationDeltaLoggingListener - Condition evaluation unchanged
2020-05-29 23:20:52.822 INFO  o.a.c.c.ContainerBase.[Tomcat].[localhost].[/wph] - Initializing Spring DispatcherServlet 'dispatcherServlet'
2020-05-29 23:20:52.823 INFO  org.springframework.web.servlet.DispatcherServlet - Initializing Servlet 'dispatcherServlet'
2020-05-29 23:20:52.836 INFO  org.springframework.web.servlet.DispatcherServlet - Completed initialization in 12 ms
2020-05-29 23:20:52.850 INFO  hhxy.dn.wph.acpect.HttpAspect - url = http://localhost:8080/wph/user/findAllUserAddress/26
2020-05-29 23:20:52.850 INFO  hhxy.dn.wph.acpect.HttpAspect - action = GET
2020-05-29 23:20:52.850 INFO  hhxy.dn.wph.acpect.HttpAspect - ip = 127.0.0.1
2020-05-29 23:20:52.855 INFO  hhxy.dn.wph.acpect.HttpAspect - method = hhxy.dn.wph.controller.UserController.findAllUserAddress
2020-05-29 23:20:52.855 INFO  hhxy.dn.wph.acpect.HttpAspect - params = 26
2020-05-29 23:20:53.088 INFO  io.lettuce.core.EpollProvider - Starting without optional epoll library
2020-05-29 23:20:53.090 INFO  io.lettuce.core.KqueueProvider - Starting without optional kqueue library
2020-05-29 23:20:53.583 INFO  hhxy.dn.wph.acpect.HttpAspect - findAllUserAddress结束
2020-05-29 23:20:53.584 INFO  hhxy.dn.wph.acpect.HttpAspect - response = hhxy.dn.wph.entity.Result@5a118e9
2020-05-29 23:28:27.546 INFO  o.s.scheduling.concurrent.ThreadPoolTaskExecutor - Shutting down ExecutorService 'applicationTaskExecutor'
2020-05-29 23:28:28.662 INFO  com.alibaba.druid.pool.DruidDataSource - {dataSource-2} closing ...
2020-05-29 23:28:28.664 INFO  com.alibaba.druid.pool.DruidDataSource - {dataSource-2} closed
2020-05-29 23:28:29.266 INFO  hhxy.dn.wph.WphApplication - Starting WphApplication on DESKTOP-J8QCU3D with PID 15736 (D:\JetBrains\workspace\VipShop\target\classes started by 邓宁宁 in D:\JetBrains\workspace\VipShop)
2020-05-29 23:28:29.267 INFO  hhxy.dn.wph.WphApplication - No active profile set, falling back to default profiles: default
2020-05-29 23:28:29.601 INFO  o.s.d.r.config.RepositoryConfigurationDelegate - Multiple Spring Data modules found, entering strict repository configuration mode!
2020-05-29 23:28:29.601 INFO  o.s.d.r.config.RepositoryConfigurationDelegate - Bootstrapping Spring Data repositories in DEFAULT mode.
2020-05-29 23:28:29.608 INFO  o.s.d.r.config.RepositoryConfigurationDelegate - Finished Spring Data repository scanning in 7ms. Found 0 repository interfaces.
2020-05-29 23:28:29.656 INFO  o.s.c.s.PostProcessorRegistrationDelegate$BeanPostProcessorChecker - Bean 'org.springframework.transaction.annotation.ProxyTransactionManagementConfiguration' of type [org.springframework.transaction.annotation.ProxyTransactionManagementConfiguration$$EnhancerBySpringCGLIB$$c143a8a8] is not eligible for getting processed by all BeanPostProcessors (for example: not eligible for auto-proxying)
2020-05-29 23:28:29.716 INFO  o.s.boot.web.embedded.tomcat.TomcatWebServer - Tomcat initialized with port(s): 8080 (http)
2020-05-29 23:28:29.717 INFO  org.apache.coyote.http11.Http11NioProtocol - Initializing ProtocolHandler ["http-nio-8080"]
2020-05-29 23:28:29.717 INFO  org.apache.catalina.core.StandardService - Starting service [Tomcat]
2020-05-29 23:28:29.717 INFO  org.apache.catalina.core.StandardEngine - Starting Servlet Engine: Apache Tomcat/9.0.12
2020-05-29 23:28:29.727 INFO  o.a.c.c.ContainerBase.[Tomcat].[localhost].[/wph] - Initializing Spring embedded WebApplicationContext
2020-05-29 23:28:29.727 INFO  org.springframework.web.context.ContextLoader - Root WebApplicationContext: initialization completed in 457 ms
2020-05-29 23:28:29.741 INFO  o.s.boot.web.servlet.ServletRegistrationBean - Servlet statViewServlet mapped to [/druid/*]
2020-05-29 23:28:29.741 INFO  o.s.boot.web.servlet.ServletRegistrationBean - Servlet dispatcherServlet mapped to [/]
2020-05-29 23:28:29.741 INFO  o.s.boot.web.servlet.FilterRegistrationBean - Mapping filter: 'characterEncodingFilter' to: [/*]
2020-05-29 23:28:29.741 INFO  o.s.boot.web.servlet.FilterRegistrationBean - Mapping filter: 'hiddenHttpMethodFilter' to: [/*]
2020-05-29 23:28:29.741 INFO  o.s.boot.web.servlet.FilterRegistrationBean - Mapping filter: 'formContentFilter' to: [/*]
2020-05-29 23:28:29.741 INFO  o.s.boot.web.servlet.FilterRegistrationBean - Mapping filter: 'requestContextFilter' to: [/*]
2020-05-29 23:28:29.741 INFO  o.s.boot.web.servlet.FilterRegistrationBean - Mapping filter: 'webStatFilter' to urls: [/*]
2020-05-29 23:28:29.754 INFO  c.a.d.s.b.a.DruidDataSourceAutoConfigure - Init DruidDataSource
2020-05-29 23:28:29.789 INFO  com.alibaba.druid.pool.DruidDataSource - {dataSource-3} inited
2020-05-29 23:28:29.934 INFO  o.s.scheduling.concurrent.ThreadPoolTaskExecutor - Initializing ExecutorService 'applicationTaskExecutor'
2020-05-29 23:28:30.046 INFO  o.s.b.d.autoconfigure.OptionalLiveReloadServer - LiveReload server is running on port 35729
2020-05-29 23:28:30.065 INFO  org.apache.coyote.http11.Http11NioProtocol - Starting ProtocolHandler ["http-nio-8080"]
2020-05-29 23:28:30.066 INFO  org.apache.tomcat.util.net.NioSelectorPool - Using a shared selector for servlet write/read
2020-05-29 23:28:30.068 INFO  o.s.boot.web.embedded.tomcat.TomcatWebServer - Tomcat started on port(s): 8080 (http) with context path '/wph'
2020-05-29 23:28:30.069 INFO  hhxy.dn.wph.WphApplication - Started WphApplication in 0.841 seconds (JVM running for 991.105)
2020-05-29 23:28:30.070 INFO  o.s.b.d.a.ConditionEvaluationDeltaLoggingListener - Condition evaluation unchanged
2020-05-29 23:28:31.237 INFO  o.s.scheduling.concurrent.ThreadPoolTaskExecutor - Shutting down ExecutorService 'applicationTaskExecutor'
2020-05-29 23:28:31.242 INFO  com.alibaba.druid.pool.DruidDataSource - {dataSource-3} closing ...
2020-05-29 23:28:31.245 INFO  com.alibaba.druid.pool.DruidDataSource - {dataSource-3} closed
2020-05-29 23:28:34.071 INFO  hhxy.dn.wph.WphApplication - Starting WphApplication on DESKTOP-J8QCU3D with PID 16920 (D:\JetBrains\workspace\VipShop\target\classes started by 邓宁宁 in D:\JetBrains\workspace\VipShop)
2020-05-29 23:28:34.076 INFO  hhxy.dn.wph.WphApplication - No active profile set, falling back to default profiles: default
2020-05-29 23:28:34.133 INFO  o.s.b.d.env.DevToolsPropertyDefaultsPostProcessor - Devtools property defaults active! Set 'spring.devtools.add-properties' to 'false' to disable
2020-05-29 23:28:34.134 INFO  o.s.b.d.env.DevToolsPropertyDefaultsPostProcessor - For additional web related logging consider setting the 'logging.level.web' property to 'DEBUG'
2020-05-29 23:28:35.060 INFO  o.s.d.r.config.RepositoryConfigurationDelegate - Multiple Spring Data modules found, entering strict repository configuration mode!
2020-05-29 23:28:35.063 INFO  o.s.d.r.config.RepositoryConfigurationDelegate - Bootstrapping Spring Data repositories in DEFAULT mode.
2020-05-29 23:28:35.098 INFO  o.s.d.r.config.RepositoryConfigurationDelegate - Finished Spring Data repository scanning in 21ms. Found 0 repository interfaces.
2020-05-29 23:28:35.580 INFO  o.s.c.s.PostProcessorRegistrationDelegate$BeanPostProcessorChecker - Bean 'org.springframework.transaction.annotation.ProxyTransactionManagementConfiguration' of type [org.springframework.transaction.annotation.ProxyTransactionManagementConfiguration$$EnhancerBySpringCGLIB$$345587be] is not eligible for getting processed by all BeanPostProcessors (for example: not eligible for auto-proxying)
2020-05-29 23:28:36.308 INFO  o.s.boot.web.embedded.tomcat.TomcatWebServer - Tomcat initialized with port(s): 8080 (http)
2020-05-29 23:28:36.325 INFO  org.apache.coyote.http11.Http11NioProtocol - Initializing ProtocolHandler ["http-nio-8080"]
2020-05-29 23:28:36.330 INFO  org.apache.catalina.core.StandardService - Starting service [Tomcat]
2020-05-29 23:28:36.331 INFO  org.apache.catalina.core.StandardEngine - Starting Servlet Engine: Apache Tomcat/9.0.12
2020-05-29 23:28:36.338 INFO  org.apache.catalina.core.AprLifecycleListener - The APR based Apache Tomcat Native library which allows optimal performance in production environments was not found on the java.library.path: [D:\Java\jdk1.8.0_121\bin;C:\Windows\Sun\Java\bin;C:\Windows\system32;C:\Windows;C:\ProgramData\Oracle\Java\javapath;D:\Python27\;D:\Python27\Scripts;C:\Windows\system32;C:\Windows;C:\Windows\System32\Wbem;C:\Windows\System32\WindowsPowerShell\v1.0\;C:\Windows\System32\OpenSSH\;C:\Program Files\Intel\WiFi\bin\;C:\Program Files\Common Files\Intel\WirelessCommon\;C:\Program Files (x86)\NVIDIA Corporation\PhysX\Common;C:\Program Files\NVIDIA Corporation\NVIDIA NvDLISR;D:\apache-maven-3.2.3\bin;D:\nodejs\;D:\Git\cmd;D:\Redis\;D:\MySQL\bin;C:\Users\邓宁宁\AppData\Local\Microsoft\WindowsApps;D:\JetBrains\IntelliJ IDEA 2019.2.3\bin;D:\nodejs\node_global;C:\Users\邓宁宁\AppData\Local\Microsoft\WindowsApps;D:\JetBrains\IntelliJ IDEA 2019.2.3\bin;;D:\nodejs\node_global;;.]
2020-05-29 23:28:36.431 INFO  o.a.c.c.ContainerBase.[Tomcat].[localhost].[/wph] - Initializing Spring embedded WebApplicationContext
2020-05-29 23:28:36.431 INFO  org.springframework.web.context.ContextLoader - Root WebApplicationContext: initialization completed in 2297 ms
2020-05-29 23:28:36.483 INFO  o.s.boot.web.servlet.ServletRegistrationBean - Servlet statViewServlet mapped to [/druid/*]
2020-05-29 23:28:36.485 INFO  o.s.boot.web.servlet.ServletRegistrationBean - Servlet dispatcherServlet mapped to [/]
2020-05-29 23:28:36.489 INFO  o.s.boot.web.servlet.FilterRegistrationBean - Mapping filter: 'characterEncodingFilter' to: [/*]
2020-05-29 23:28:36.489 INFO  o.s.boot.web.servlet.FilterRegistrationBean - Mapping filter: 'hiddenHttpMethodFilter' to: [/*]
2020-05-29 23:28:36.489 INFO  o.s.boot.web.servlet.FilterRegistrationBean - Mapping filter: 'formContentFilter' to: [/*]
2020-05-29 23:28:36.489 INFO  o.s.boot.web.servlet.FilterRegistrationBean - Mapping filter: 'requestContextFilter' to: [/*]
2020-05-29 23:28:36.490 INFO  o.s.boot.web.servlet.FilterRegistrationBean - Mapping filter: 'webStatFilter' to urls: [/*]
2020-05-29 23:28:36.555 INFO  c.a.d.s.b.a.DruidDataSourceAutoConfigure - Init DruidDataSource
2020-05-29 23:28:36.873 INFO  com.alibaba.druid.pool.DruidDataSource - {dataSource-1} inited
2020-05-29 23:28:37.379 INFO  o.s.scheduling.concurrent.ThreadPoolTaskExecutor - Initializing ExecutorService 'applicationTaskExecutor'
2020-05-29 23:28:37.773 INFO  o.s.b.d.autoconfigure.OptionalLiveReloadServer - LiveReload server is running on port 35729
2020-05-29 23:28:37.802 INFO  org.apache.coyote.http11.Http11NioProtocol - Starting ProtocolHandler ["http-nio-8080"]
2020-05-29 23:28:37.810 INFO  org.apache.tomcat.util.net.NioSelectorPool - Using a shared selector for servlet write/read
2020-05-29 23:28:37.832 INFO  o.s.boot.web.embedded.tomcat.TomcatWebServer - Tomcat started on port(s): 8080 (http) with context path '/wph'
2020-05-29 23:28:37.834 INFO  hhxy.dn.wph.WphApplication - Started WphApplication in 4.526 seconds (JVM running for 5.651)
2020-05-29 23:29:07.508 INFO  o.a.c.c.ContainerBase.[Tomcat].[localhost].[/wph] - Initializing Spring DispatcherServlet 'dispatcherServlet'
2020-05-29 23:29:07.508 INFO  org.springframework.web.servlet.DispatcherServlet - Initializing Servlet 'dispatcherServlet'
2020-05-29 23:29:07.528 INFO  org.springframework.web.servlet.DispatcherServlet - Completed initialization in 18 ms
2020-05-29 23:29:41.257 INFO  hhxy.dn.wph.acpect.HttpAspect - url = http://localhost:8080/wph/user/findAllSearchHistory/26
2020-05-29 23:29:41.257 INFO  hhxy.dn.wph.acpect.HttpAspect - action = GET
2020-05-29 23:29:41.257 INFO  hhxy.dn.wph.acpect.HttpAspect - ip = 127.0.0.1
2020-05-29 23:29:41.259 INFO  hhxy.dn.wph.acpect.HttpAspect - method = hhxy.dn.wph.controller.UserController.findSearchHistory
2020-05-29 23:29:41.259 INFO  hhxy.dn.wph.acpect.HttpAspect - params = 26
2020-05-29 23:29:41.381 INFO  io.lettuce.core.EpollProvider - Starting without optional epoll library
2020-05-29 23:29:41.382 INFO  io.lettuce.core.KqueueProvider - Starting without optional kqueue library
2020-05-29 23:29:41.847 INFO  hhxy.dn.wph.acpect.HttpAspect - findSearchHistory结束
2020-05-29 23:29:54.366 INFO  hhxy.dn.wph.acpect.HttpAspect - url = http://localhost:8080/wph/user/findAllSearchHistory/26
2020-05-29 23:29:54.366 INFO  hhxy.dn.wph.acpect.HttpAspect - action = GET
2020-05-29 23:29:54.366 INFO  hhxy.dn.wph.acpect.HttpAspect - ip = 127.0.0.1
2020-05-29 23:29:54.366 INFO  hhxy.dn.wph.acpect.HttpAspect - method = hhxy.dn.wph.controller.UserController.findSearchHistory
2020-05-29 23:29:54.366 INFO  hhxy.dn.wph.acpect.HttpAspect - params = 26
2020-05-29 23:29:54.416 INFO  hhxy.dn.wph.acpect.HttpAspect - findSearchHistory结束
2020-05-29 23:33:42.683 INFO  o.s.scheduling.concurrent.ThreadPoolTaskExecutor - Shutting down ExecutorService 'applicationTaskExecutor'
2020-05-29 23:33:43.798 INFO  com.alibaba.druid.pool.DruidDataSource - {dataSource-1} closing ...
2020-05-29 23:33:43.800 INFO  com.alibaba.druid.pool.DruidDataSource - {dataSource-1} closed
